[INFO] Scanning for projects...
[INFO] 
[INFO] --------------------------< com.example:demo >--------------------------
[INFO] Building demo 0.0.1-SNAPSHOT
[INFO] --------------------------------[ jar ]---------------------------------
[INFO] 
[INFO] >>> spring-boot-maven-plugin:2.5.3:run (default-cli) > test-compile @ demo >>>
[INFO] 
[INFO] --- maven-resources-plugin:3.2.0:resources (default-resources) @ demo ---
[INFO] Using 'UTF-8' encoding to copy filtered resources.
[INFO] Using 'UTF-8' encoding to copy filtered properties files.
[INFO] Copying 1 resource
[INFO] Copying 0 resource
[INFO] 
[INFO] --- maven-compiler-plugin:3.8.1:compile (default-compile) @ demo ---
[INFO] Nothing to compile - all classes are up to date
[INFO] 
[INFO] --- maven-resources-plugin:3.2.0:testResources (default-testResources) @ demo ---
[INFO] Using 'UTF-8' encoding to copy filtered resources.
[INFO] Using 'UTF-8' encoding to copy filtered properties files.
[INFO] skip non existing resourceDirectory /Users/huangzhi/IdeaProjects/demo/src/test/resources
[INFO] 
[INFO] --- maven-compiler-plugin:3.8.1:testCompile (default-testCompile) @ demo ---
[INFO] Nothing to compile - all classes are up to date
[INFO] 
[INFO] <<< spring-boot-maven-plugin:2.5.3:run (default-cli) < test-compile @ demo <<<
[INFO] 
[INFO] 
[INFO] --- spring-boot-maven-plugin:2.5.3:run (default-cli) @ demo ---
[INFO] Attaching agents: []

  .   ____          _            __ _ _
 /\\ / ___'_ __ _ _(_)_ __  __ _ \ \ \ \
( ( )\___ | '_ | '_| | '_ \/ _` | \ \ \ \
 \\/  ___)| |_)| | | | | || (_| |  ) ) ) )
  '  |____| .__|_| |_|_| |_\__, | / / / /
 =========|_|==============|___/=/_/_/_/
 :: Spring Boot ::                (v2.5.3)

2021-07-23 23:50:40.895  INFO 2339 --- [           main] com.example.demo.DemoApplication         : Starting DemoApplication using Java 11.0.10 on huangzhideMacBook-Pro.local with PID 2339 (/Users/huangzhi/IdeaProjects/demo/target/classes started by huangzhi in /Users/huangzhi/IdeaProjects/demo)
2021-07-23 23:50:40.898  INFO 2339 --- [           main] com.example.demo.DemoApplication         : No active profile set, falling back to default profiles: default
2021-07-23 23:50:41.425  INFO 2339 --- [           main] com.example.demo.DemoApplication         : Started DemoApplication in 1.141 seconds (JVM running for 1.557)
[INFO] ------------------------------------------------------------------------
[INFO] BUILD SUCCESS
[INFO] ------------------------------------------------------------------------
[INFO] Total time:  3.096 s
[INFO] Finished at: 2021-07-23T23:50:41-05:00
[INFO] ------------------------------------------------------------------------
